<?xml version="1.0" encoding="UTF-8"?>
<!-- Generated by org.testng.reporters.JUnitXMLReporter -->
<testsuite hostname="LAPTOP-C3E1HSB0" ignored="4" name="Default test" tests="1" failures="0" timestamp="25 Jul 2022 17:39:46 GMT" time="10.548" errors="0">
  <testcase name="m5" time="2.153" classname="com.test.IntegrationTests"/>
  <testcase name="m4" time="0.0" classname="com.test.IntegrationTests">
    <ignored/>
  </testcase> <!-- m4 -->
  <testcase name="m3" time="0.0" classname="com.test.IntegrationTests">
    <ignored/>
  </testcase> <!-- m3 -->
  <testcase name="m2" time="0.0" classname="com.test.IntegrationTests">
    <ignored/>
  </testcase> <!-- m2 -->
  <testcase name="m1" time="0.0" classname="com.test.IntegrationTests">
    <ignored/>
  </testcase> <!-- m1 -->
</testsuite> <!-- Default test -->
