<?xml version="1.0" encoding="UTF-8"?>
<testng-results skipped="0" failed="0" ignored="4" total="5" passed="1">
  <reporter-output>
  </reporter-output>
  <suite name="Default suite" duration-ms="10548" started-at="2022-07-25T17:39:36Z" finished-at="2022-07-25T17:39:46Z">
    <groups>
    </groups>
    <test name="Default test" duration-ms="10548" started-at="2022-07-25T17:39:36Z" finished-at="2022-07-25T17:39:46Z">
      <class name="com.test.IntegrationTests">
        <test-method status="PASS" signature="openBrowerPlusURL()[pri:0, instance:com.test.IntegrationTests@5c30a9b0]" name="openBrowerPlusURL" is-config="true" duration-ms="8215" started-at="2022-07-25T17:39:36Z" finished-at="2022-07-25T17:39:44Z">
          <reporter-output>
          </reporter-output>
        </test-method> <!-- openBrowerPlusURL -->
        <test-method status="PASS" signature="m5()[pri:0, instance:com.test.IntegrationTests@5c30a9b0]" name="m5" duration-ms="2153" started-at="2022-07-25T17:39:44Z" finished-at="2022-07-25T17:39:46Z">
          <reporter-output>
          </reporter-output>
        </test-method> <!-- m5 -->
        <test-method status="PASS" signature="closeBrowser()[pri:0, instance:com.test.IntegrationTests@5c30a9b0]" name="closeBrowser" is-config="true" duration-ms="140" started-at="2022-07-25T17:39:46Z" finished-at="2022-07-25T17:39:46Z">
          <reporter-output>
          </reporter-output>
        </test-method> <!-- closeBrowser -->
      </class> <!-- com.test.IntegrationTests -->
    </test> <!-- Default test -->
  </suite> <!-- Default suite -->
</testng-results>
