<?xml version="1.0" encoding="UTF-8"?>
<testng-results skipped="0" failed="0" ignored="6" total="7" passed="1">
  <reporter-output>
  </reporter-output>
  <suite name="Default suite" duration-ms="21140" started-at="2022-07-26T14:01:33Z" finished-at="2022-07-26T14:01:55Z">
    <groups>
    </groups>
    <test name="Default test" duration-ms="21140" started-at="2022-07-26T14:01:33Z" finished-at="2022-07-26T14:01:55Z">
      <class name="com.test.IntegrationTests">
        <test-method status="PASS" signature="openBrowerPlusURL()[pri:0, instance:com.test.IntegrationTests@635eaaf1]" name="openBrowerPlusURL" is-config="true" duration-ms="14533" started-at="2022-07-26T14:01:33Z" finished-at="2022-07-26T14:01:48Z">
          <reporter-output>
          </reporter-output>
        </test-method> <!-- openBrowerPlusURL -->
        <test-method status="PASS" signature="JoinMeetingModule()[pri:0, instance:com.test.IntegrationTests@635eaaf1]" name="JoinMeetingModule" duration-ms="6561" started-at="2022-07-26T14:01:48Z" finished-at="2022-07-26T14:01:55Z">
          <reporter-output>
          </reporter-output>
        </test-method> <!-- JoinMeetingModule -->
      </class> <!-- com.test.IntegrationTests -->
    </test> <!-- Default test -->
  </suite> <!-- Default suite -->
</testng-results>
